01:36:17:183  INFO 65433 --- [main] com.hmall.trade.tradeApplication         : Starting tradeApplication using Java 11.0.25 on LGuanYi with PID 65433 (/home/jav/code/Test/hmall/trade-service/target/classes started by jav in /home/jav/code/Test/hmall)
01:36:17:220 DEBUG 65433 --- [main] com.hmall.trade.tradeApplication         : Running with Spring Boot v2.7.12, Spring v5.3.27
01:36:17:221  INFO 65433 --- [main] com.hmall.trade.tradeApplication         : The following 1 profile is active: "local"
01:36:17:645  INFO 65433 --- [main] o.s.cloud.context.scope.GenericScope     : BeanFactory id=988c8cfd-7610-3312-b57a-335347e80dd0
01:36:17:776  INFO 65433 --- [main] o.s.b.w.embedded.tomcat.TomcatWebServer  : Tomcat initialized with port(s): 8085 (http)
01:36:17:779  INFO 65433 --- [main] o.apache.catalina.core.StandardService   : Starting service [Tomcat]
01:36:17:779  INFO 65433 --- [main] org.apache.catalina.core.StandardEngine  : Starting Servlet engine: [Apache Tomcat/9.0.75]
01:36:17:825  INFO 65433 --- [main] o.a.c.c.C.[Tomcat].[localhost].[/]       : Initializing Spring embedded WebApplicationContext
01:36:17:825  INFO 65433 --- [main] w.s.c.ServletWebServerApplicationContext : Root WebApplicationContext: initialization completed in 585 ms
01:36:17:913  INFO 65433 --- [main] o.s.c.openfeign.FeignClientFactoryBean   : For 'item-serv' URL not provided. Will try picking an instance via load-balancing.
01:36:18:099  INFO 65433 --- [main] o.s.c.openfeign.FeignClientFactoryBean   : For 'cart-service' URL not provided. Will try picking an instance via load-balancing.
01:36:18:300  INFO 65433 --- [main] pertySourcedRequestMappingHandlerMapping : Mapped URL path [/v2/api-docs] onto method [springfox.documentation.swagger2.web.Swagger2ControllerWebMvc#getDocumentation(String, HttpServletRequest)]
01:36:18:393  INFO 65433 --- [main] com.alibaba.nacos.common.remote.client   : [RpcClientFactory] create a new rpc client of d6f1f5bb-fde1-40d3-bf67-6a60fbfa1892
01:36:18:411  INFO 65433 --- [main] org.reflections.Reflections              : Reflections took 10 ms to scan 1 urls, producing 3 keys and 6 values 
01:36:18:421  INFO 65433 --- [main] org.reflections.Reflections              : Reflections took 4 ms to scan 1 urls, producing 4 keys and 9 values 
01:36:18:426  INFO 65433 --- [main] org.reflections.Reflections              : Reflections took 4 ms to scan 1 urls, producing 3 keys and 10 values 
01:36:18:428  WARN 65433 --- [main] org.reflections.Reflections              : given scan urls are empty. set urls in the configuration
01:36:18:433  INFO 65433 --- [main] org.reflections.Reflections              : Reflections took 5 ms to scan 1 urls, producing 1 keys and 5 values 
01:36:18:440  INFO 65433 --- [main] org.reflections.Reflections              : Reflections took 4 ms to scan 1 urls, producing 1 keys and 7 values 
01:36:18:446  INFO 65433 --- [main] org.reflections.Reflections              : Reflections took 4 ms to scan 1 urls, producing 2 keys and 8 values 
01:36:18:447  WARN 65433 --- [main] org.reflections.Reflections              : given scan urls are empty. set urls in the configuration
01:36:18:448  INFO 65433 --- [main] com.alibaba.nacos.common.remote.client   : [d6f1f5bb-fde1-40d3-bf67-6a60fbfa1892] RpcClient init label, labels = {module=naming, source=sdk}
01:36:18:449  INFO 65433 --- [main] com.alibaba.nacos.common.remote.client   : [d6f1f5bb-fde1-40d3-bf67-6a60fbfa1892] RpcClient init, ServerListFactory = com.alibaba.nacos.client.naming.core.ServerListManager
01:36:18:449  INFO 65433 --- [main] com.alibaba.nacos.common.remote.client   : [d6f1f5bb-fde1-40d3-bf67-6a60fbfa1892] Registry connection listener to current client:com.alibaba.nacos.client.naming.remote.gprc.redo.NamingGrpcRedoService
01:36:18:449  INFO 65433 --- [main] com.alibaba.nacos.common.remote.client   : [d6f1f5bb-fde1-40d3-bf67-6a60fbfa1892] Register server push request handler:com.alibaba.nacos.client.naming.remote.gprc.NamingPushRequestHandler
01:36:18:451  INFO 65433 --- [main] com.alibaba.nacos.common.remote.client   : [d6f1f5bb-fde1-40d3-bf67-6a60fbfa1892] Try to connect to server on start up, server: {serverIp = 'localhost', server main port = 8848}
01:36:18:853  INFO 65433 --- [main] com.alibaba.nacos.common.remote.client   : [d6f1f5bb-fde1-40d3-bf67-6a60fbfa1892] Success to connect to server [localhost:8848] on start up, connectionId = 1732210578650_172.18.0.1_34466
01:36:18:855  INFO 65433 --- [main] com.alibaba.nacos.common.remote.client   : [d6f1f5bb-fde1-40d3-bf67-6a60fbfa1892] Register server push request handler:com.alibaba.nacos.common.remote.client.RpcClient$ConnectResetRequestHandler
01:36:18:854  INFO 65433 --- [com.alibaba.nacos.client.remote.worker] com.alibaba.nacos.common.remote.client   : [d6f1f5bb-fde1-40d3-bf67-6a60fbfa1892] Notify connected event to listeners.
01:36:18:856  INFO 65433 --- [main] com.alibaba.nacos.common.remote.client   : [d6f1f5bb-fde1-40d3-bf67-6a60fbfa1892] Register server push request handler:com.alibaba.nacos.common.remote.client.RpcClient$$Lambda$1014/0x00000008006db840
01:36:18:908  INFO 65433 --- [main] o.s.b.w.embedded.tomcat.TomcatWebServer  : Tomcat started on port(s): 8085 (http) with context path ''
01:36:18:923  INFO 65433 --- [main] c.a.c.n.registry.NacosServiceRegistry    : nacos registry, DEFAULT_GROUP cart-service 10.124.166.80:8085 register finished
01:36:18:924  INFO 65433 --- [main] d.s.w.p.DocumentationPluginsBootstrapper : Documentation plugins bootstrapped
01:36:18:925  INFO 65433 --- [main] d.s.w.p.DocumentationPluginsBootstrapper : Found 1 custom documentation plugin(s)
01:36:18:934  INFO 65433 --- [main] s.d.s.w.s.ApiListingReferenceScanner     : Scanning for api listing references
01:36:18:941  INFO 65433 --- [main] com.hmall.trade.tradeApplication         : Started tradeApplication in 2.011 seconds (JVM running for 2.297)
01:36:19:472  INFO 65433 --- [nacos-grpc-client-executor-10] com.alibaba.nacos.common.remote.client   : [d6f1f5bb-fde1-40d3-bf67-6a60fbfa1892] Receive server push request, request = NotifySubscriberRequest, requestId = 1
01:36:19:474  INFO 65433 --- [nacos-grpc-client-executor-10] com.alibaba.nacos.common.remote.client   : [d6f1f5bb-fde1-40d3-bf67-6a60fbfa1892] Ack server push request, request = NotifySubscriberRequest, requestId = 1
01:36:35:897  INFO 65433 --- [http-nio-8085-exec-1] o.a.c.c.C.[Tomcat].[localhost].[/]       : Initializing Spring DispatcherServlet 'dispatcherServlet'
01:36:35:897  INFO 65433 --- [http-nio-8085-exec-1] o.s.web.servlet.DispatcherServlet        : Initializing Servlet 'dispatcherServlet'
01:36:35:898  INFO 65433 --- [http-nio-8085-exec-1] o.s.web.servlet.DispatcherServlet        : Completed initialization in 1 ms
01:37:48:700  WARN 65433 --- [Thread-7] c.a.n.common.http.HttpClientBeanHolder   : [HttpClientBeanHolder] Start destroying common HttpClient
01:37:48:700  WARN 65433 --- [Thread-4] c.a.nacos.common.notify.NotifyCenter     : [NotifyCenter] Start destroying Publisher
01:37:48:700  WARN 65433 --- [Thread-4] c.a.nacos.common.notify.NotifyCenter     : [NotifyCenter] Destruction of the end
01:37:48:701  WARN 65433 --- [Thread-7] c.a.n.common.http.HttpClientBeanHolder   : [HttpClientBeanHolder] Destruction of the end
01:37:48:714  INFO 65433 --- [SpringApplicationShutdownHook] c.a.c.n.registry.NacosServiceRegistry    : De-registering from Nacos Server now...
01:37:48:718  INFO 65433 --- [SpringApplicationShutdownHook] c.a.c.n.registry.NacosServiceRegistry    : De-registration finished.
01:37:49:021  INFO 65433 --- [SpringApplicationShutdownHook] com.alibaba.nacos.common.remote.client   : Shutdown rpc client, set status to shutdown
01:37:49:021  INFO 65433 --- [SpringApplicationShutdownHook] com.alibaba.nacos.common.remote.client   : Shutdown client event executor java.util.concurrent.ScheduledThreadPoolExecutor@510974b7[Running, pool size = 2, active threads = 2, queued tasks = 0, completed tasks = 0]
01:37:49:021  INFO 65433 --- [SpringApplicationShutdownHook] com.alibaba.nacos.common.remote.client   : Close current connection 1732210578650_172.18.0.1_34466
01:37:49:023  INFO 65433 --- [nacos-grpc-client-executor-48] c.a.n.c.remote.client.grpc.GrpcClient    : [1732210578650_172.18.0.1_34466]Ignore complete event,isRunning:false,isAbandon=false
01:37:49:024  INFO 65433 --- [SpringApplicationShutdownHook] c.a.n.c.remote.client.grpc.GrpcClient    : Shutdown grpc executor java.util.concurrent.ThreadPoolExecutor@cddc932[Running, pool size = 8, active threads = 0, queued tasks = 0, completed tasks = 49]
15:21:44:699  INFO 45727 --- [main] com.hmall.cart.CartApllication           : Starting CartApllication using Java 11.0.25 on LGuanYi with PID 45727 (/home/jav/code/Test/hmall/cart-service/target/classes started by jav in /home/jav/code/Test/hmall)
15:21:44:736 DEBUG 45727 --- [main] com.hmall.cart.CartApllication           : Running with Spring Boot v2.7.12, Spring v5.3.27
15:21:44:737  INFO 45727 --- [main] com.hmall.cart.CartApllication           : The following 1 profile is active: "local"
15:21:45:257  INFO 45727 --- [main] o.s.cloud.context.scope.GenericScope     : BeanFactory id=ca279e60-85e5-3455-9d5f-7ecb27b24d85
15:21:45:393  INFO 45727 --- [main] o.s.b.w.embedded.tomcat.TomcatWebServer  : Tomcat initialized with port(s): 8082 (http)
15:21:45:396  INFO 45727 --- [main] o.apache.catalina.core.StandardService   : Starting service [Tomcat]
15:21:45:396  INFO 45727 --- [main] org.apache.catalina.core.StandardEngine  : Starting Servlet engine: [Apache Tomcat/9.0.75]
15:21:45:451  INFO 45727 --- [main] o.a.c.c.C.[Tomcat].[localhost].[/]       : Initializing Spring embedded WebApplicationContext
15:21:45:452  INFO 45727 --- [main] w.s.c.ServletWebServerApplicationContext : Root WebApplicationContext: initialization completed in 696 ms
15:21:45:548  INFO 45727 --- [main] o.s.c.openfeign.FeignClientFactoryBean   : For 'item-serv' URL not provided. Will try picking an instance via load-balancing.
15:21:46:014  INFO 45727 --- [main] pertySourcedRequestMappingHandlerMapping : Mapped URL path [/v2/api-docs] onto method [springfox.documentation.swagger2.web.Swagger2ControllerWebMvc#getDocumentation(String, HttpServletRequest)]
15:21:46:111  INFO 45727 --- [main] com.alibaba.nacos.common.remote.client   : [RpcClientFactory] create a new rpc client of 77ec6cf3-b128-4171-a56c-812d5be9267d
15:21:46:129  INFO 45727 --- [main] org.reflections.Reflections              : Reflections took 9 ms to scan 1 urls, producing 3 keys and 6 values 
15:21:46:140  INFO 45727 --- [main] org.reflections.Reflections              : Reflections took 5 ms to scan 1 urls, producing 4 keys and 9 values 
15:21:46:145  INFO 45727 --- [main] org.reflections.Reflections              : Reflections took 4 ms to scan 1 urls, producing 3 keys and 10 values 
15:21:46:147  WARN 45727 --- [main] org.reflections.Reflections              : given scan urls are empty. set urls in the configuration
15:21:46:151  INFO 45727 --- [main] org.reflections.Reflections              : Reflections took 4 ms to scan 1 urls, producing 1 keys and 5 values 
15:21:46:156  INFO 45727 --- [main] org.reflections.Reflections              : Reflections took 4 ms to scan 1 urls, producing 1 keys and 7 values 
15:21:46:161  INFO 45727 --- [main] org.reflections.Reflections              : Reflections took 4 ms to scan 1 urls, producing 2 keys and 8 values 
15:21:46:163  WARN 45727 --- [main] org.reflections.Reflections              : given scan urls are empty. set urls in the configuration
15:21:46:164  INFO 45727 --- [main] com.alibaba.nacos.common.remote.client   : [77ec6cf3-b128-4171-a56c-812d5be9267d] RpcClient init label, labels = {module=naming, source=sdk}
15:21:46:165  INFO 45727 --- [main] com.alibaba.nacos.common.remote.client   : [77ec6cf3-b128-4171-a56c-812d5be9267d] RpcClient init, ServerListFactory = com.alibaba.nacos.client.naming.core.ServerListManager
15:21:46:165  INFO 45727 --- [main] com.alibaba.nacos.common.remote.client   : [77ec6cf3-b128-4171-a56c-812d5be9267d] Registry connection listener to current client:com.alibaba.nacos.client.naming.remote.gprc.redo.NamingGrpcRedoService
15:21:46:165  INFO 45727 --- [main] com.alibaba.nacos.common.remote.client   : [77ec6cf3-b128-4171-a56c-812d5be9267d] Register server push request handler:com.alibaba.nacos.client.naming.remote.gprc.NamingPushRequestHandler
15:21:46:166  INFO 45727 --- [main] com.alibaba.nacos.common.remote.client   : [77ec6cf3-b128-4171-a56c-812d5be9267d] Try to connect to server on start up, server: {serverIp = 'localhost', server main port = 8848}
15:21:46:529  INFO 45727 --- [main] com.alibaba.nacos.common.remote.client   : [77ec6cf3-b128-4171-a56c-812d5be9267d] Success to connect to server [localhost:8848] on start up, connectionId = 1732260106378_172.18.0.1_38002
15:21:46:530  INFO 45727 --- [main] com.alibaba.nacos.common.remote.client   : [77ec6cf3-b128-4171-a56c-812d5be9267d] Register server push request handler:com.alibaba.nacos.common.remote.client.RpcClient$ConnectResetRequestHandler
15:21:46:530  INFO 45727 --- [com.alibaba.nacos.client.remote.worker] com.alibaba.nacos.common.remote.client   : [77ec6cf3-b128-4171-a56c-812d5be9267d] Notify connected event to listeners.
15:21:46:531  INFO 45727 --- [main] com.alibaba.nacos.common.remote.client   : [77ec6cf3-b128-4171-a56c-812d5be9267d] Register server push request handler:com.alibaba.nacos.common.remote.client.RpcClient$$Lambda$1030/0x0000000800755c40
15:21:46:601  INFO 45727 --- [main] o.s.b.w.embedded.tomcat.TomcatWebServer  : Tomcat started on port(s): 8082 (http) with context path ''
15:21:46:609  INFO 45727 --- [main] c.a.c.n.registry.NacosServiceRegistry    : nacos registry, DEFAULT_GROUP cart-service 10.124.166.80:8082 register finished
15:21:46:610  INFO 45727 --- [main] d.s.w.p.DocumentationPluginsBootstrapper : Documentation plugins bootstrapped
15:21:46:611  INFO 45727 --- [main] d.s.w.p.DocumentationPluginsBootstrapper : Found 1 custom documentation plugin(s)
15:21:46:622  INFO 45727 --- [main] s.d.s.w.s.ApiListingReferenceScanner     : Scanning for api listing references
15:21:46:662  INFO 45727 --- [main] com.hmall.cart.CartApllication           : Started CartApllication in 2.205 seconds (JVM running for 2.532)
15:21:47:135  INFO 45727 --- [nacos-grpc-client-executor-9] com.alibaba.nacos.common.remote.client   : [77ec6cf3-b128-4171-a56c-812d5be9267d] Receive server push request, request = NotifySubscriberRequest, requestId = 8
15:21:47:137  INFO 45727 --- [nacos-grpc-client-executor-9] com.alibaba.nacos.common.remote.client   : [77ec6cf3-b128-4171-a56c-812d5be9267d] Ack server push request, request = NotifySubscriberRequest, requestId = 8
15:58:48:086  WARN 45727 --- [Thread-7] c.a.n.common.http.HttpClientBeanHolder   : [HttpClientBeanHolder] Start destroying common HttpClient
15:58:48:086  WARN 45727 --- [Thread-4] c.a.nacos.common.notify.NotifyCenter     : [NotifyCenter] Start destroying Publisher
15:58:48:101  INFO 45727 --- [SpringApplicationShutdownHook] c.a.c.n.registry.NacosServiceRegistry    : De-registering from Nacos Server now...
15:58:48:122  WARN 45727 --- [Thread-4] c.a.nacos.common.notify.NotifyCenter     : [NotifyCenter] Destruction of the end
15:58:48:123  WARN 45727 --- [Thread-7] c.a.n.common.http.HttpClientBeanHolder   : [HttpClientBeanHolder] Destruction of the end
15:58:48:124  INFO 45727 --- [SpringApplicationShutdownHook] c.a.c.n.registry.NacosServiceRegistry    : De-registration finished.
15:58:48:428  INFO 45727 --- [SpringApplicationShutdownHook] com.alibaba.nacos.common.remote.client   : Shutdown rpc client, set status to shutdown
15:58:48:428  INFO 45727 --- [SpringApplicationShutdownHook] com.alibaba.nacos.common.remote.client   : Shutdown client event executor java.util.concurrent.ScheduledThreadPoolExecutor@67a442a[Running, pool size = 2, active threads = 2, queued tasks = 0, completed tasks = 0]
15:58:48:428  INFO 45727 --- [SpringApplicationShutdownHook] com.alibaba.nacos.common.remote.client   : Close current connection 1732260106378_172.18.0.1_38002
15:58:48:429  INFO 45727 --- [nacos-grpc-client-executor-529] c.a.n.c.remote.client.grpc.GrpcClient    : [1732260106378_172.18.0.1_38002]Ignore complete event,isRunning:false,isAbandon=false
15:58:48:431  INFO 45727 --- [SpringApplicationShutdownHook] c.a.n.c.remote.client.grpc.GrpcClient    : Shutdown grpc executor java.util.concurrent.ThreadPoolExecutor@272ff72f[Running, pool size = 5, active threads = 0, queued tasks = 0, completed tasks = 530]
16:55:21:723  INFO 75960 --- [main] com.hmall.cart.CartApllication           : Starting CartApllication using Java 11.0.25 on LGuanYi with PID 75960 (/home/jav/code/Test/hmall/cart-service/target/classes started by jav in /home/jav/code/Test/hmall)
16:55:21:724 DEBUG 75960 --- [main] com.hmall.cart.CartApllication           : Running with Spring Boot v2.7.12, Spring v5.3.27
16:55:21:725  INFO 75960 --- [main] com.hmall.cart.CartApllication           : The following 1 profile is active: "local"
16:55:22:253  INFO 75960 --- [main] o.s.cloud.context.scope.GenericScope     : BeanFactory id=92839ed0-b1cd-3791-a6d1-d136f3c4bbb1
16:55:22:388  INFO 75960 --- [main] o.s.b.w.embedded.tomcat.TomcatWebServer  : Tomcat initialized with port(s): 8082 (http)
16:55:22:392  INFO 75960 --- [main] o.apache.catalina.core.StandardService   : Starting service [Tomcat]
16:55:22:392  INFO 75960 --- [main] org.apache.catalina.core.StandardEngine  : Starting Servlet engine: [Apache Tomcat/9.0.75]
16:55:22:444  INFO 75960 --- [main] o.a.c.c.C.[Tomcat].[localhost].[/]       : Initializing Spring embedded WebApplicationContext
16:55:22:444  INFO 75960 --- [main] w.s.c.ServletWebServerApplicationContext : Root WebApplicationContext: initialization completed in 699 ms
16:55:22:525  INFO 75960 --- [main] o.s.c.openfeign.FeignClientFactoryBean   : For 'item-serv' URL not provided. Will try picking an instance via load-balancing.
16:55:23:020  INFO 75960 --- [main] pertySourcedRequestMappingHandlerMapping : Mapped URL path [/v2/api-docs] onto method [springfox.documentation.swagger2.web.Swagger2ControllerWebMvc#getDocumentation(String, HttpServletRequest)]
16:55:23:123  INFO 75960 --- [main] com.alibaba.nacos.common.remote.client   : [RpcClientFactory] create a new rpc client of 821c083c-bee1-4919-aaa4-3b9a1c18d63b
16:55:23:141  INFO 75960 --- [main] org.reflections.Reflections              : Reflections took 9 ms to scan 1 urls, producing 3 keys and 6 values 
16:55:23:153  INFO 75960 --- [main] org.reflections.Reflections              : Reflections took 5 ms to scan 1 urls, producing 4 keys and 9 values 
16:55:23:158  INFO 75960 --- [main] org.reflections.Reflections              : Reflections took 4 ms to scan 1 urls, producing 3 keys and 10 values 
16:55:23:159  WARN 75960 --- [main] org.reflections.Reflections              : given scan urls are empty. set urls in the configuration
16:55:23:164  INFO 75960 --- [main] org.reflections.Reflections              : Reflections took 3 ms to scan 1 urls, producing 1 keys and 5 values 
16:55:23:169  INFO 75960 --- [main] org.reflections.Reflections              : Reflections took 4 ms to scan 1 urls, producing 1 keys and 7 values 
16:55:23:176  INFO 75960 --- [main] org.reflections.Reflections              : Reflections took 6 ms to scan 1 urls, producing 2 keys and 8 values 
16:55:23:178  WARN 75960 --- [main] org.reflections.Reflections              : given scan urls are empty. set urls in the configuration
16:55:23:179  INFO 75960 --- [main] com.alibaba.nacos.common.remote.client   : [821c083c-bee1-4919-aaa4-3b9a1c18d63b] RpcClient init label, labels = {module=naming, source=sdk}
16:55:23:181  INFO 75960 --- [main] com.alibaba.nacos.common.remote.client   : [821c083c-bee1-4919-aaa4-3b9a1c18d63b] RpcClient init, ServerListFactory = com.alibaba.nacos.client.naming.core.ServerListManager
16:55:23:181  INFO 75960 --- [main] com.alibaba.nacos.common.remote.client   : [821c083c-bee1-4919-aaa4-3b9a1c18d63b] Registry connection listener to current client:com.alibaba.nacos.client.naming.remote.gprc.redo.NamingGrpcRedoService
16:55:23:182  INFO 75960 --- [main] com.alibaba.nacos.common.remote.client   : [821c083c-bee1-4919-aaa4-3b9a1c18d63b] Register server push request handler:com.alibaba.nacos.client.naming.remote.gprc.NamingPushRequestHandler
16:55:23:183  INFO 75960 --- [main] com.alibaba.nacos.common.remote.client   : [821c083c-bee1-4919-aaa4-3b9a1c18d63b] Try to connect to server on start up, server: {serverIp = 'localhost', server main port = 8848}
16:55:23:555  INFO 75960 --- [main] com.alibaba.nacos.common.remote.client   : [821c083c-bee1-4919-aaa4-3b9a1c18d63b] Success to connect to server [localhost:8848] on start up, connectionId = 1732265723409_172.18.0.1_60612
16:55:23:556  INFO 75960 --- [main] com.alibaba.nacos.common.remote.client   : [821c083c-bee1-4919-aaa4-3b9a1c18d63b] Register server push request handler:com.alibaba.nacos.common.remote.client.RpcClient$ConnectResetRequestHandler
16:55:23:556  INFO 75960 --- [com.alibaba.nacos.client.remote.worker] com.alibaba.nacos.common.remote.client   : [821c083c-bee1-4919-aaa4-3b9a1c18d63b] Notify connected event to listeners.
16:55:23:557  INFO 75960 --- [main] com.alibaba.nacos.common.remote.client   : [821c083c-bee1-4919-aaa4-3b9a1c18d63b] Register server push request handler:com.alibaba.nacos.common.remote.client.RpcClient$$Lambda$1030/0x0000000800755c40
16:55:23:584  INFO 75960 --- [main] o.s.b.w.embedded.tomcat.TomcatWebServer  : Tomcat started on port(s): 8082 (http) with context path ''
16:55:23:593  INFO 75960 --- [main] c.a.c.n.registry.NacosServiceRegistry    : nacos registry, DEFAULT_GROUP cart-service 10.124.166.80:8082 register finished
16:55:23:595  INFO 75960 --- [main] d.s.w.p.DocumentationPluginsBootstrapper : Documentation plugins bootstrapped
16:55:23:597  INFO 75960 --- [main] d.s.w.p.DocumentationPluginsBootstrapper : Found 1 custom documentation plugin(s)
16:55:23:608  INFO 75960 --- [main] s.d.s.w.s.ApiListingReferenceScanner     : Scanning for api listing references
16:55:23:652  INFO 75960 --- [main] com.hmall.cart.CartApllication           : Started CartApllication in 2.206 seconds (JVM running for 2.524)
16:55:24:095  INFO 75960 --- [nacos-grpc-client-executor-9] com.alibaba.nacos.common.remote.client   : [821c083c-bee1-4919-aaa4-3b9a1c18d63b] Receive server push request, request = NotifySubscriberRequest, requestId = 13
16:55:24:097  INFO 75960 --- [nacos-grpc-client-executor-9] com.alibaba.nacos.common.remote.client   : [821c083c-bee1-4919-aaa4-3b9a1c18d63b] Ack server push request, request = NotifySubscriberRequest, requestId = 13
17:00:07:053  WARN 75960 --- [Thread-7] c.a.n.common.http.HttpClientBeanHolder   : [HttpClientBeanHolder] Start destroying common HttpClient
17:00:07:053  WARN 75960 --- [Thread-4] c.a.nacos.common.notify.NotifyCenter     : [NotifyCenter] Start destroying Publisher
17:00:07:054  WARN 75960 --- [Thread-4] c.a.nacos.common.notify.NotifyCenter     : [NotifyCenter] Destruction of the end
17:00:07:054  WARN 75960 --- [Thread-7] c.a.n.common.http.HttpClientBeanHolder   : [HttpClientBeanHolder] Destruction of the end
17:00:07:066  INFO 75960 --- [SpringApplicationShutdownHook] c.a.c.n.registry.NacosServiceRegistry    : De-registering from Nacos Server now...
17:00:07:069  INFO 75960 --- [SpringApplicationShutdownHook] c.a.c.n.registry.NacosServiceRegistry    : De-registration finished.
17:00:07:370  INFO 75960 --- [SpringApplicationShutdownHook] com.alibaba.nacos.common.remote.client   : Shutdown rpc client, set status to shutdown
17:00:07:371  INFO 75960 --- [SpringApplicationShutdownHook] com.alibaba.nacos.common.remote.client   : Shutdown client event executor java.util.concurrent.ScheduledThreadPoolExecutor@17fa7072[Running, pool size = 2, active threads = 2, queued tasks = 0, completed tasks = 0]
17:00:07:371  INFO 75960 --- [SpringApplicationShutdownHook] com.alibaba.nacos.common.remote.client   : Close current connection 1732265723409_172.18.0.1_60612
17:00:07:372  INFO 75960 --- [nacos-grpc-client-executor-95] c.a.n.c.remote.client.grpc.GrpcClient    : [1732265723409_172.18.0.1_60612]Ignore complete event,isRunning:false,isAbandon=false
17:00:07:373  INFO 75960 --- [SpringApplicationShutdownHook] c.a.n.c.remote.client.grpc.GrpcClient    : Shutdown grpc executor java.util.concurrent.ThreadPoolExecutor@6e6ab479[Running, pool size = 7, active threads = 0, queued tasks = 0, completed tasks = 96]
17:00:57:527  INFO 78463 --- [main] com.hmall.cart.CartApllication           : Starting CartApllication using Java 11.0.25 on LGuanYi with PID 78463 (/home/jav/code/Test/hmall/cart-service/target/classes started by jav in /home/jav/code/Test/hmall)
17:00:57:528 DEBUG 78463 --- [main] com.hmall.cart.CartApllication           : Running with Spring Boot v2.7.12, Spring v5.3.27
17:00:57:528  INFO 78463 --- [main] com.hmall.cart.CartApllication           : The following 1 profile is active: "local"
17:00:57:963  INFO 78463 --- [main] o.s.cloud.context.scope.GenericScope     : BeanFactory id=92839ed0-b1cd-3791-a6d1-d136f3c4bbb1
17:00:58:093  INFO 78463 --- [main] o.s.b.w.embedded.tomcat.TomcatWebServer  : Tomcat initialized with port(s): 8082 (http)
17:00:58:096  INFO 78463 --- [main] o.apache.catalina.core.StandardService   : Starting service [Tomcat]
17:00:58:096  INFO 78463 --- [main] org.apache.catalina.core.StandardEngine  : Starting Servlet engine: [Apache Tomcat/9.0.75]
17:00:58:146  INFO 78463 --- [main] o.a.c.c.C.[Tomcat].[localhost].[/]       : Initializing Spring embedded WebApplicationContext
17:00:58:147  INFO 78463 --- [main] w.s.c.ServletWebServerApplicationContext : Root WebApplicationContext: initialization completed in 599 ms
17:00:58:228  INFO 78463 --- [main] o.s.c.openfeign.FeignClientFactoryBean   : For 'item-serv' URL not provided. Will try picking an instance via load-balancing.
17:00:58:631  INFO 78463 --- [main] pertySourcedRequestMappingHandlerMapping : Mapped URL path [/v2/api-docs] onto method [springfox.documentation.swagger2.web.Swagger2ControllerWebMvc#getDocumentation(String, HttpServletRequest)]
17:00:58:721  INFO 78463 --- [main] com.alibaba.nacos.common.remote.client   : [RpcClientFactory] create a new rpc client of 9ad57f51-bc76-46cd-babe-d730ee63f52a
17:00:58:738  INFO 78463 --- [main] org.reflections.Reflections              : Reflections took 10 ms to scan 1 urls, producing 3 keys and 6 values 
17:00:58:749  INFO 78463 --- [main] org.reflections.Reflections              : Reflections took 5 ms to scan 1 urls, producing 4 keys and 9 values 
17:00:58:755  INFO 78463 --- [main] org.reflections.Reflections              : Reflections took 5 ms to scan 1 urls, producing 3 keys and 10 values 
17:00:58:756  WARN 78463 --- [main] org.reflections.Reflections              : given scan urls are empty. set urls in the configuration
17:00:58:761  INFO 78463 --- [main] org.reflections.Reflections              : Reflections took 5 ms to scan 1 urls, producing 1 keys and 5 values 
17:00:58:766  INFO 78463 --- [main] org.reflections.Reflections              : Reflections took 4 ms to scan 1 urls, producing 1 keys and 7 values 
17:00:58:771  INFO 78463 --- [main] org.reflections.Reflections              : Reflections took 4 ms to scan 1 urls, producing 2 keys and 8 values 
17:00:58:772  WARN 78463 --- [main] org.reflections.Reflections              : given scan urls are empty. set urls in the configuration
17:00:58:773  INFO 78463 --- [main] com.alibaba.nacos.common.remote.client   : [9ad57f51-bc76-46cd-babe-d730ee63f52a] RpcClient init label, labels = {module=naming, source=sdk}
17:00:58:774  INFO 78463 --- [main] com.alibaba.nacos.common.remote.client   : [9ad57f51-bc76-46cd-babe-d730ee63f52a] RpcClient init, ServerListFactory = com.alibaba.nacos.client.naming.core.ServerListManager
17:00:58:774  INFO 78463 --- [main] com.alibaba.nacos.common.remote.client   : [9ad57f51-bc76-46cd-babe-d730ee63f52a] Registry connection listener to current client:com.alibaba.nacos.client.naming.remote.gprc.redo.NamingGrpcRedoService
17:00:58:774  INFO 78463 --- [main] com.alibaba.nacos.common.remote.client   : [9ad57f51-bc76-46cd-babe-d730ee63f52a] Register server push request handler:com.alibaba.nacos.client.naming.remote.gprc.NamingPushRequestHandler
17:00:58:775  INFO 78463 --- [main] com.alibaba.nacos.common.remote.client   : [9ad57f51-bc76-46cd-babe-d730ee63f52a] Try to connect to server on start up, server: {serverIp = 'localhost', server main port = 8848}
17:00:59:149  INFO 78463 --- [main] com.alibaba.nacos.common.remote.client   : [9ad57f51-bc76-46cd-babe-d730ee63f52a] Success to connect to server [localhost:8848] on start up, connectionId = 1732266058997_172.18.0.1_43142
17:00:59:150  INFO 78463 --- [com.alibaba.nacos.client.remote.worker] com.alibaba.nacos.common.remote.client   : [9ad57f51-bc76-46cd-babe-d730ee63f52a] Notify connected event to listeners.
17:00:59:151  INFO 78463 --- [main] com.alibaba.nacos.common.remote.client   : [9ad57f51-bc76-46cd-babe-d730ee63f52a] Register server push request handler:com.alibaba.nacos.common.remote.client.RpcClient$ConnectResetRequestHandler
17:00:59:152  INFO 78463 --- [main] com.alibaba.nacos.common.remote.client   : [9ad57f51-bc76-46cd-babe-d730ee63f52a] Register server push request handler:com.alibaba.nacos.common.remote.client.RpcClient$$Lambda$1030/0x0000000800817840
17:00:59:182  INFO 78463 --- [main] o.s.b.w.embedded.tomcat.TomcatWebServer  : Tomcat started on port(s): 8082 (http) with context path ''
17:00:59:189  INFO 78463 --- [main] c.a.c.n.registry.NacosServiceRegistry    : nacos registry, DEFAULT_GROUP cart-service 10.124.166.80:8082 register finished
17:00:59:190  INFO 78463 --- [main] d.s.w.p.DocumentationPluginsBootstrapper : Documentation plugins bootstrapped
17:00:59:191  INFO 78463 --- [main] d.s.w.p.DocumentationPluginsBootstrapper : Found 1 custom documentation plugin(s)
17:00:59:201  INFO 78463 --- [main] s.d.s.w.s.ApiListingReferenceScanner     : Scanning for api listing references
17:00:59:246  INFO 78463 --- [main] com.hmall.cart.CartApllication           : Started CartApllication in 1.962 seconds (JVM running for 2.248)
17:00:59:753  INFO 78463 --- [nacos-grpc-client-executor-11] com.alibaba.nacos.common.remote.client   : [9ad57f51-bc76-46cd-babe-d730ee63f52a] Receive server push request, request = NotifySubscriberRequest, requestId = 18
17:00:59:755  INFO 78463 --- [nacos-grpc-client-executor-11] com.alibaba.nacos.common.remote.client   : [9ad57f51-bc76-46cd-babe-d730ee63f52a] Ack server push request, request = NotifySubscriberRequest, requestId = 18
17:02:20:232  INFO 78463 --- [http-nio-8082-exec-1] o.a.c.c.C.[Tomcat].[localhost].[/]       : Initializing Spring DispatcherServlet 'dispatcherServlet'
17:02:20:233  INFO 78463 --- [http-nio-8082-exec-1] o.s.web.servlet.DispatcherServlet        : Initializing Servlet 'dispatcherServlet'
17:02:20:233  INFO 78463 --- [http-nio-8082-exec-1] o.s.web.servlet.DispatcherServlet        : Completed initialization in 0 ms
17:05:56:181  WARN 78463 --- [Thread-7] c.a.n.common.http.HttpClientBeanHolder   : [HttpClientBeanHolder] Start destroying common HttpClient
17:05:56:181  WARN 78463 --- [Thread-4] c.a.nacos.common.notify.NotifyCenter     : [NotifyCenter] Start destroying Publisher
17:05:56:182  WARN 78463 --- [Thread-4] c.a.nacos.common.notify.NotifyCenter     : [NotifyCenter] Destruction of the end
17:05:56:182  WARN 78463 --- [Thread-7] c.a.n.common.http.HttpClientBeanHolder   : [HttpClientBeanHolder] Destruction of the end
17:05:56:196  INFO 78463 --- [SpringApplicationShutdownHook] c.a.c.n.registry.NacosServiceRegistry    : De-registering from Nacos Server now...
17:05:56:198  INFO 78463 --- [SpringApplicationShutdownHook] c.a.c.n.registry.NacosServiceRegistry    : De-registration finished.
17:05:56:500  INFO 78463 --- [SpringApplicationShutdownHook] com.alibaba.nacos.common.remote.client   : Shutdown rpc client, set status to shutdown
17:05:56:500  INFO 78463 --- [SpringApplicationShutdownHook] com.alibaba.nacos.common.remote.client   : Shutdown client event executor java.util.concurrent.ScheduledThreadPoolExecutor@36abcc5b[Running, pool size = 2, active threads = 2, queued tasks = 0, completed tasks = 0]
17:05:56:501  INFO 78463 --- [SpringApplicationShutdownHook] com.alibaba.nacos.common.remote.client   : Close current connection 1732266058997_172.18.0.1_43142
17:05:56:502  INFO 78463 --- [nacos-grpc-client-executor-105] c.a.n.c.remote.client.grpc.GrpcClient    : [1732266058997_172.18.0.1_43142]Ignore complete event,isRunning:false,isAbandon=false
17:05:56:503  INFO 78463 --- [SpringApplicationShutdownHook] c.a.n.c.remote.client.grpc.GrpcClient    : Shutdown grpc executor java.util.concurrent.ThreadPoolExecutor@401acfcf[Running, pool size = 8, active threads = 0, queued tasks = 0, completed tasks = 106]
17:05:57:809  INFO 80870 --- [main] com.hmall.cart.CartApllication           : Starting CartApllication using Java 11.0.25 on LGuanYi with PID 80870 (/home/jav/code/Test/hmall/cart-service/target/classes started by jav in /home/jav/code/Test/hmall)
17:05:57:810 DEBUG 80870 --- [main] com.hmall.cart.CartApllication           : Running with Spring Boot v2.7.12, Spring v5.3.27
17:05:57:811  INFO 80870 --- [main] com.hmall.cart.CartApllication           : The following 1 profile is active: "local"
17:05:58:247  INFO 80870 --- [main] o.s.cloud.context.scope.GenericScope     : BeanFactory id=92839ed0-b1cd-3791-a6d1-d136f3c4bbb1
17:05:58:372  INFO 80870 --- [main] o.s.b.w.embedded.tomcat.TomcatWebServer  : Tomcat initialized with port(s): 8082 (http)
17:05:58:375  INFO 80870 --- [main] o.apache.catalina.core.StandardService   : Starting service [Tomcat]
17:05:58:375  INFO 80870 --- [main] org.apache.catalina.core.StandardEngine  : Starting Servlet engine: [Apache Tomcat/9.0.75]
17:05:58:428  INFO 80870 --- [main] o.a.c.c.C.[Tomcat].[localhost].[/]       : Initializing Spring embedded WebApplicationContext
17:05:58:428  INFO 80870 --- [main] w.s.c.ServletWebServerApplicationContext : Root WebApplicationContext: initialization completed in 597 ms
17:05:58:517  INFO 80870 --- [main] o.s.c.openfeign.FeignClientFactoryBean   : For 'item-serv' URL not provided. Will try picking an instance via load-balancing.
17:05:58:926  INFO 80870 --- [main] pertySourcedRequestMappingHandlerMapping : Mapped URL path [/v2/api-docs] onto method [springfox.documentation.swagger2.web.Swagger2ControllerWebMvc#getDocumentation(String, HttpServletRequest)]
17:05:59:021  INFO 80870 --- [main] com.alibaba.nacos.common.remote.client   : [RpcClientFactory] create a new rpc client of a1f6de13-b8ea-42e3-a272-be3bb82ceece
17:05:59:038  INFO 80870 --- [main] org.reflections.Reflections              : Reflections took 9 ms to scan 1 urls, producing 3 keys and 6 values 
17:05:59:048  INFO 80870 --- [main] org.reflections.Reflections              : Reflections took 4 ms to scan 1 urls, producing 4 keys and 9 values 
17:05:59:054  INFO 80870 --- [main] org.reflections.Reflections              : Reflections took 4 ms to scan 1 urls, producing 3 keys and 10 values 
17:05:59:055  WARN 80870 --- [main] org.reflections.Reflections              : given scan urls are empty. set urls in the configuration
17:05:59:059  INFO 80870 --- [main] org.reflections.Reflections              : Reflections took 3 ms to scan 1 urls, producing 1 keys and 5 values 
17:05:59:064  INFO 80870 --- [main] org.reflections.Reflections              : Reflections took 4 ms to scan 1 urls, producing 1 keys and 7 values 
17:05:59:069  INFO 80870 --- [main] org.reflections.Reflections              : Reflections took 3 ms to scan 1 urls, producing 2 keys and 8 values 
17:05:59:070  WARN 80870 --- [main] org.reflections.Reflections              : given scan urls are empty. set urls in the configuration
17:05:59:071  INFO 80870 --- [main] com.alibaba.nacos.common.remote.client   : [a1f6de13-b8ea-42e3-a272-be3bb82ceece] RpcClient init label, labels = {module=naming, source=sdk}
17:05:59:073  INFO 80870 --- [main] com.alibaba.nacos.common.remote.client   : [a1f6de13-b8ea-42e3-a272-be3bb82ceece] RpcClient init, ServerListFactory = com.alibaba.nacos.client.naming.core.ServerListManager
17:05:59:073  INFO 80870 --- [main] com.alibaba.nacos.common.remote.client   : [a1f6de13-b8ea-42e3-a272-be3bb82ceece] Registry connection listener to current client:com.alibaba.nacos.client.naming.remote.gprc.redo.NamingGrpcRedoService
17:05:59:074  INFO 80870 --- [main] com.alibaba.nacos.common.remote.client   : [a1f6de13-b8ea-42e3-a272-be3bb82ceece] Register server push request handler:com.alibaba.nacos.client.naming.remote.gprc.NamingPushRequestHandler
17:05:59:075  INFO 80870 --- [main] com.alibaba.nacos.common.remote.client   : [a1f6de13-b8ea-42e3-a272-be3bb82ceece] Try to connect to server on start up, server: {serverIp = 'localhost', server main port = 8848}
17:05:59:433  INFO 80870 --- [main] com.alibaba.nacos.common.remote.client   : [a1f6de13-b8ea-42e3-a272-be3bb82ceece] Success to connect to server [localhost:8848] on start up, connectionId = 1732266359289_172.18.0.1_60746
17:05:59:434  INFO 80870 --- [main] com.alibaba.nacos.common.remote.client   : [a1f6de13-b8ea-42e3-a272-be3bb82ceece] Register server push request handler:com.alibaba.nacos.common.remote.client.RpcClient$ConnectResetRequestHandler
17:05:59:434  INFO 80870 --- [com.alibaba.nacos.client.remote.worker] com.alibaba.nacos.common.remote.client   : [a1f6de13-b8ea-42e3-a272-be3bb82ceece] Notify connected event to listeners.
17:05:59:435  INFO 80870 --- [main] com.alibaba.nacos.common.remote.client   : [a1f6de13-b8ea-42e3-a272-be3bb82ceece] Register server push request handler:com.alibaba.nacos.common.remote.client.RpcClient$$Lambda$1030/0x0000000800817840
17:05:59:469  INFO 80870 --- [main] o.s.b.w.embedded.tomcat.TomcatWebServer  : Tomcat started on port(s): 8082 (http) with context path ''
17:05:59:476  INFO 80870 --- [main] c.a.c.n.registry.NacosServiceRegistry    : nacos registry, DEFAULT_GROUP cart-service 10.124.166.80:8082 register finished
17:05:59:476  INFO 80870 --- [main] d.s.w.p.DocumentationPluginsBootstrapper : Documentation plugins bootstrapped
17:05:59:478  INFO 80870 --- [main] d.s.w.p.DocumentationPluginsBootstrapper : Found 1 custom documentation plugin(s)
17:05:59:488  INFO 80870 --- [main] s.d.s.w.s.ApiListingReferenceScanner     : Scanning for api listing references
17:05:59:537  INFO 80870 --- [main] com.hmall.cart.CartApllication           : Started CartApllication in 1.969 seconds (JVM running for 2.267)
17:05:59:986  INFO 80870 --- [nacos-grpc-client-executor-9] com.alibaba.nacos.common.remote.client   : [a1f6de13-b8ea-42e3-a272-be3bb82ceece] Receive server push request, request = NotifySubscriberRequest, requestId = 25
17:05:59:989  INFO 80870 --- [nacos-grpc-client-executor-9] com.alibaba.nacos.common.remote.client   : [a1f6de13-b8ea-42e3-a272-be3bb82ceece] Ack server push request, request = NotifySubscriberRequest, requestId = 25
17:06:29:170  INFO 80870 --- [http-nio-8082-exec-1] o.a.c.c.C.[Tomcat].[localhost].[/]       : Initializing Spring DispatcherServlet 'dispatcherServlet'
17:06:29:170  INFO 80870 --- [http-nio-8082-exec-1] o.s.web.servlet.DispatcherServlet        : Initializing Servlet 'dispatcherServlet'
17:06:29:171  INFO 80870 --- [http-nio-8082-exec-1] o.s.web.servlet.DispatcherServlet        : Completed initialization in 1 ms
17:07:18:895  WARN 80870 --- [Thread-7] c.a.n.common.http.HttpClientBeanHolder   : [HttpClientBeanHolder] Start destroying common HttpClient
17:07:18:895  WARN 80870 --- [Thread-4] c.a.nacos.common.notify.NotifyCenter     : [NotifyCenter] Start destroying Publisher
17:07:18:895  WARN 80870 --- [Thread-4] c.a.nacos.common.notify.NotifyCenter     : [NotifyCenter] Destruction of the end
17:07:18:896  WARN 80870 --- [Thread-7] c.a.n.common.http.HttpClientBeanHolder   : [HttpClientBeanHolder] Destruction of the end
17:07:18:907  INFO 80870 --- [SpringApplicationShutdownHook] c.a.c.n.registry.NacosServiceRegistry    : De-registering from Nacos Server now...
17:07:18:908  INFO 80870 --- [SpringApplicationShutdownHook] c.a.c.n.registry.NacosServiceRegistry    : De-registration finished.
17:07:19:211  INFO 80870 --- [SpringApplicationShutdownHook] com.alibaba.nacos.common.remote.client   : Shutdown rpc client, set status to shutdown
17:07:19:211  INFO 80870 --- [SpringApplicationShutdownHook] com.alibaba.nacos.common.remote.client   : Shutdown client event executor java.util.concurrent.ScheduledThreadPoolExecutor@2a41f0d6[Running, pool size = 2, active threads = 2, queued tasks = 0, completed tasks = 0]
17:07:19:211  INFO 80870 --- [SpringApplicationShutdownHook] com.alibaba.nacos.common.remote.client   : Close current connection 1732266359289_172.18.0.1_60746
17:07:19:213  INFO 80870 --- [nacos-grpc-client-executor-37] c.a.n.c.remote.client.grpc.GrpcClient    : [1732266359289_172.18.0.1_60746]Ignore complete event,isRunning:false,isAbandon=false
17:07:19:214  INFO 80870 --- [SpringApplicationShutdownHook] c.a.n.c.remote.client.grpc.GrpcClient    : Shutdown grpc executor java.util.concurrent.ThreadPoolExecutor@7ff54fbb[Running, pool size = 6, active threads = 0, queued tasks = 0, completed tasks = 38]
17:07:20:473  INFO 82280 --- [main] com.hmall.cart.CartApllication           : Starting CartApllication using Java 11.0.25 on LGuanYi with PID 82280 (/home/jav/code/Test/hmall/cart-service/target/classes started by jav in /home/jav/code/Test/hmall)
17:07:20:474 DEBUG 82280 --- [main] com.hmall.cart.CartApllication           : Running with Spring Boot v2.7.12, Spring v5.3.27
17:07:20:474  INFO 82280 --- [main] com.hmall.cart.CartApllication           : The following 1 profile is active: "local"
17:07:20:907  INFO 82280 --- [main] o.s.cloud.context.scope.GenericScope     : BeanFactory id=92839ed0-b1cd-3791-a6d1-d136f3c4bbb1
17:07:21:040  INFO 82280 --- [main] o.s.b.w.embedded.tomcat.TomcatWebServer  : Tomcat initialized with port(s): 8082 (http)
17:07:21:046  INFO 82280 --- [main] o.apache.catalina.core.StandardService   : Starting service [Tomcat]
17:07:21:046  INFO 82280 --- [main] org.apache.catalina.core.StandardEngine  : Starting Servlet engine: [Apache Tomcat/9.0.75]
17:07:21:095  INFO 82280 --- [main] o.a.c.c.C.[Tomcat].[localhost].[/]       : Initializing Spring embedded WebApplicationContext
17:07:21:096  INFO 82280 --- [main] w.s.c.ServletWebServerApplicationContext : Root WebApplicationContext: initialization completed in 602 ms
17:07:21:179  INFO 82280 --- [main] o.s.c.openfeign.FeignClientFactoryBean   : For 'item-serv' URL not provided. Will try picking an instance via load-balancing.
17:07:21:604  INFO 82280 --- [main] pertySourcedRequestMappingHandlerMapping : Mapped URL path [/v2/api-docs] onto method [springfox.documentation.swagger2.web.Swagger2ControllerWebMvc#getDocumentation(String, HttpServletRequest)]
17:07:21:691  INFO 82280 --- [main] com.alibaba.nacos.common.remote.client   : [RpcClientFactory] create a new rpc client of eceee7f8-3d54-45d7-ab87-84859d8670b5
17:07:21:711  INFO 82280 --- [main] org.reflections.Reflections              : Reflections took 13 ms to scan 1 urls, producing 3 keys and 6 values 
17:07:21:723  INFO 82280 --- [main] org.reflections.Reflections              : Reflections took 5 ms to scan 1 urls, producing 4 keys and 9 values 
17:07:21:729  INFO 82280 --- [main] org.reflections.Reflections              : Reflections took 5 ms to scan 1 urls, producing 3 keys and 10 values 
17:07:21:730  WARN 82280 --- [main] org.reflections.Reflections              : given scan urls are empty. set urls in the configuration
17:07:21:735  INFO 82280 --- [main] org.reflections.Reflections              : Reflections took 5 ms to scan 1 urls, producing 1 keys and 5 values 
17:07:21:740  INFO 82280 --- [main] org.reflections.Reflections              : Reflections took 4 ms to scan 1 urls, producing 1 keys and 7 values 
17:07:21:746  INFO 82280 --- [main] org.reflections.Reflections              : Reflections took 5 ms to scan 1 urls, producing 2 keys and 8 values 
17:07:21:748  WARN 82280 --- [main] org.reflections.Reflections              : given scan urls are empty. set urls in the configuration
17:07:21:749  INFO 82280 --- [main] com.alibaba.nacos.common.remote.client   : [eceee7f8-3d54-45d7-ab87-84859d8670b5] RpcClient init label, labels = {module=naming, source=sdk}
17:07:21:751  INFO 82280 --- [main] com.alibaba.nacos.common.remote.client   : [eceee7f8-3d54-45d7-ab87-84859d8670b5] RpcClient init, ServerListFactory = com.alibaba.nacos.client.naming.core.ServerListManager
17:07:21:751  INFO 82280 --- [main] com.alibaba.nacos.common.remote.client   : [eceee7f8-3d54-45d7-ab87-84859d8670b5] Registry connection listener to current client:com.alibaba.nacos.client.naming.remote.gprc.redo.NamingGrpcRedoService
17:07:21:752  INFO 82280 --- [main] com.alibaba.nacos.common.remote.client   : [eceee7f8-3d54-45d7-ab87-84859d8670b5] Register server push request handler:com.alibaba.nacos.client.naming.remote.gprc.NamingPushRequestHandler
17:07:21:753  INFO 82280 --- [main] com.alibaba.nacos.common.remote.client   : [eceee7f8-3d54-45d7-ab87-84859d8670b5] Try to connect to server on start up, server: {serverIp = 'localhost', server main port = 8848}
17:07:22:112  INFO 82280 --- [main] com.alibaba.nacos.common.remote.client   : [eceee7f8-3d54-45d7-ab87-84859d8670b5] Success to connect to server [localhost:8848] on start up, connectionId = 1732266441966_172.18.0.1_39156
17:07:22:114  INFO 82280 --- [com.alibaba.nacos.client.remote.worker] com.alibaba.nacos.common.remote.client   : [eceee7f8-3d54-45d7-ab87-84859d8670b5] Notify connected event to listeners.
17:07:22:115  INFO 82280 --- [main] com.alibaba.nacos.common.remote.client   : [eceee7f8-3d54-45d7-ab87-84859d8670b5] Register server push request handler:com.alibaba.nacos.common.remote.client.RpcClient$ConnectResetRequestHandler
17:07:22:115  INFO 82280 --- [main] com.alibaba.nacos.common.remote.client   : [eceee7f8-3d54-45d7-ab87-84859d8670b5] Register server push request handler:com.alibaba.nacos.common.remote.client.RpcClient$$Lambda$1030/0x0000000800817840
17:07:22:144  INFO 82280 --- [main] o.s.b.w.embedded.tomcat.TomcatWebServer  : Tomcat started on port(s): 8082 (http) with context path ''
17:07:22:150  INFO 82280 --- [main] c.a.c.n.registry.NacosServiceRegistry    : nacos registry, DEFAULT_GROUP cart-service 10.124.166.80:8082 register finished
17:07:22:151  INFO 82280 --- [main] d.s.w.p.DocumentationPluginsBootstrapper : Documentation plugins bootstrapped
17:07:22:152  INFO 82280 --- [main] d.s.w.p.DocumentationPluginsBootstrapper : Found 1 custom documentation plugin(s)
17:07:22:163  INFO 82280 --- [main] s.d.s.w.s.ApiListingReferenceScanner     : Scanning for api listing references
17:07:22:211  INFO 82280 --- [main] com.hmall.cart.CartApllication           : Started CartApllication in 1.974 seconds (JVM running for 2.261)
17:07:22:684  INFO 82280 --- [nacos-grpc-client-executor-10] com.alibaba.nacos.common.remote.client   : [eceee7f8-3d54-45d7-ab87-84859d8670b5] Receive server push request, request = NotifySubscriberRequest, requestId = 33
17:07:22:686  INFO 82280 --- [nacos-grpc-client-executor-10] com.alibaba.nacos.common.remote.client   : [eceee7f8-3d54-45d7-ab87-84859d8670b5] Ack server push request, request = NotifySubscriberRequest, requestId = 33
17:07:53:547  INFO 82280 --- [http-nio-8082-exec-1] o.a.c.c.C.[Tomcat].[localhost].[/]       : Initializing Spring DispatcherServlet 'dispatcherServlet'
17:07:53:547  INFO 82280 --- [http-nio-8082-exec-1] o.s.web.servlet.DispatcherServlet        : Initializing Servlet 'dispatcherServlet'
17:07:53:548  INFO 82280 --- [http-nio-8082-exec-1] o.s.web.servlet.DispatcherServlet        : Completed initialization in 1 ms
17:08:49:422  INFO 82280 --- [http-nio-8082-exec-7] com.zaxxer.hikari.HikariDataSource       : HikariPool-1 - Starting...
17:08:49:543  INFO 82280 --- [http-nio-8082-exec-7] com.zaxxer.hikari.HikariDataSource       : HikariPool-1 - Start completed.
17:08:49:547 DEBUG 82280 --- [http-nio-8082-exec-7] c.h.cart.mapper.CartMapper.selectList    : ==>  Preparing: SELECT id,user_id,item_id,num,name,spec,price,image,create_time,update_time FROM cart WHERE (user_id = ?)
17:08:49:558 DEBUG 82280 --- [http-nio-8082-exec-7] c.h.cart.mapper.CartMapper.selectList    : ==> Parameters: 1(Long)
17:08:49:608 DEBUG 82280 --- [http-nio-8082-exec-7] c.h.cart.mapper.CartMapper.selectList    : <==      Total: 1
17:08:49:633 DEBUG 82280 --- [http-nio-8082-exec-7] com.hmall.api.client.ItemClient          : [ItemClient#queryItemByIds] ---> GET http://item-serv/items?ids=100000006163 HTTP/1.1
17:08:49:633 DEBUG 82280 --- [http-nio-8082-exec-7] com.hmall.api.client.ItemClient          : [ItemClient#queryItemByIds] ---> END HTTP (0-byte body)
17:08:49:745 DEBUG 82280 --- [http-nio-8082-exec-7] com.hmall.api.client.ItemClient          : [ItemClient#queryItemByIds] <--- HTTP/1.1 200  (111ms)
17:08:49:745 DEBUG 82280 --- [http-nio-8082-exec-7] com.hmall.api.client.ItemClient          : [ItemClient#queryItemByIds] connection: keep-alive
17:08:49:745 DEBUG 82280 --- [http-nio-8082-exec-7] com.hmall.api.client.ItemClient          : [ItemClient#queryItemByIds] content-type: application/json
17:08:49:745 DEBUG 82280 --- [http-nio-8082-exec-7] com.hmall.api.client.ItemClient          : [ItemClient#queryItemByIds] date: Fri, 22 Nov 2024 09:08:49 GMT
17:08:49:745 DEBUG 82280 --- [http-nio-8082-exec-7] com.hmall.api.client.ItemClient          : [ItemClient#queryItemByIds] keep-alive: timeout=60
17:08:49:746 DEBUG 82280 --- [http-nio-8082-exec-7] com.hmall.api.client.ItemClient          : [ItemClient#queryItemByIds] transfer-encoding: chunked
17:08:49:746 DEBUG 82280 --- [http-nio-8082-exec-7] com.hmall.api.client.ItemClient          : [ItemClient#queryItemByIds] 
17:08:49:746 DEBUG 82280 --- [http-nio-8082-exec-7] com.hmall.api.client.ItemClient          : [ItemClient#queryItemByIds] [{"id":"100000006163","name":"(BOBDOG)XXL80(15kg)","price":67100,"stock":10000,"image":"https://m.360buyimg.com/mobilecms/s720x720_jfs/t23998/350/2363990466/222391/a6e9581d/5b7cba5bN0c18fb4f.jpg!q70.jpg.webp","category":"","brand":"","spec":"{}","sold":11,"commentCount":33343434,"isAD":false,"status":2}]
17:08:49:746 DEBUG 82280 --- [http-nio-8082-exec-7] com.hmall.api.client.ItemClient          : [ItemClient#queryItemByIds] <--- END HTTP (371-byte body)
17:08:50:272  INFO 82280 --- [nacos-grpc-client-executor-38] com.alibaba.nacos.common.remote.client   : [eceee7f8-3d54-45d7-ab87-84859d8670b5] Receive server push request, request = NotifySubscriberRequest, requestId = 41
17:08:50:273  INFO 82280 --- [nacos-grpc-client-executor-38] com.alibaba.nacos.common.remote.client   : [eceee7f8-3d54-45d7-ab87-84859d8670b5] Ack server push request, request = NotifySubscriberRequest, requestId = 41
17:10:49:200  WARN 82280 --- [Thread-4] c.a.nacos.common.notify.NotifyCenter     : [NotifyCenter] Start destroying Publisher
17:10:49:200  WARN 82280 --- [Thread-7] c.a.n.common.http.HttpClientBeanHolder   : [HttpClientBeanHolder] Start destroying common HttpClient
17:10:49:201  WARN 82280 --- [Thread-4] c.a.nacos.common.notify.NotifyCenter     : [NotifyCenter] Destruction of the end
17:10:49:201  WARN 82280 --- [Thread-7] c.a.n.common.http.HttpClientBeanHolder   : [HttpClientBeanHolder] Destruction of the end
17:10:49:212  INFO 82280 --- [SpringApplicationShutdownHook] c.a.c.n.registry.NacosServiceRegistry    : De-registering from Nacos Server now...
17:10:49:214  INFO 82280 --- [SpringApplicationShutdownHook] c.a.c.n.registry.NacosServiceRegistry    : De-registration finished.
17:10:49:517  INFO 82280 --- [SpringApplicationShutdownHook] com.alibaba.nacos.common.remote.client   : Shutdown rpc client, set status to shutdown
17:10:49:517  INFO 82280 --- [SpringApplicationShutdownHook] com.alibaba.nacos.common.remote.client   : Shutdown client event executor java.util.concurrent.ScheduledThreadPoolExecutor@50864191[Running, pool size = 2, active threads = 2, queued tasks = 0, completed tasks = 0]
17:10:49:517  INFO 82280 --- [SpringApplicationShutdownHook] com.alibaba.nacos.common.remote.client   : Close current connection 1732266441966_172.18.0.1_39156
17:10:49:518  INFO 82280 --- [nacos-grpc-client-executor-77] c.a.n.c.remote.client.grpc.GrpcClient    : [1732266441966_172.18.0.1_39156]Ignore complete event,isRunning:false,isAbandon=false
17:10:49:520  INFO 82280 --- [SpringApplicationShutdownHook] c.a.n.c.remote.client.grpc.GrpcClient    : Shutdown grpc executor java.util.concurrent.ThreadPoolExecutor@1413cbee[Running, pool size = 6, active threads = 0, queued tasks = 0, completed tasks = 78]
17:10:49:523  INFO 82280 --- [SpringApplicationShutdownHook] com.zaxxer.hikari.HikariDataSource       : HikariPool-1 - Shutdown initiated...
17:10:49:530  INFO 82280 --- [SpringApplicationShutdownHook] com.zaxxer.hikari.HikariDataSource       : HikariPool-1 - Shutdown completed.
